<?xml version="1.0" encoding="UTF-8"?>
<!-- Generated by org.testng.reporters.JUnitXMLReporter -->
<testsuite hostname="Dina-PC" ignored="0" name="Test" tests="7" failures="5" timestamp="14 Mar 2021 17:12:11 GMT" time="30.444" errors="0">
  <testcase name="LoginByValidCredentials" time="2.937" classname="Tests.TestTweets"/>
  <testcase name="TweetWithValidLength" time="1.557" classname="Tests.TestTweets">
    <failure type="java.lang.AssertionError" message="expected [Your Tweet was sent.] but found [Whoops! You already said that.]">
      <![CDATA[java.lang.AssertionError: expected [Your Tweet was sent.] but found [Whoops! You already said that.]
at Tests.TestTweets.TweetWithValidLength(TestTweets.java:100)
... Removed 31 stack frames]]>
    </failure>
  </testcase> <!-- TweetWithValidLength -->
  <testcase name="TweetWithGIF" time="3.285" classname="Tests.TestTweets">
    <failure type="org.openqa.selenium.WebDriverException" message="unknown error: Element &amp;lt;div role=&amp;quot;button&amp;quot; data-focusable=&amp;quot;true&amp;quot; tabindex=&amp;quot;0&amp;quot; class=&amp;quot;css-18t94o4 css-1dbjc4n r-urgr8i r-42olwf r-sdzlij r-1phboty r-rs99b7 r-1w2pmg r-19u6a5r r-ero68b r-1gg2371 r-1ny4l3l r-1fneopy r-o7ynqc r-6416eg r-lrvibr&amp;quot; data-testid=&amp;quot;tweetButtonInline&amp;quot;&amp;gt;...&amp;lt;/div&amp;gt; is not clickable at point (860, 593). Other element would receive the click: &amp;lt;div class=&amp;quot;css-1dbjc4n r-1jgb5lz r-1ye8kvj r-13qz1uu&amp;quot;&amp;gt;...&amp;lt;/div&amp;gt;
  (Session info: chrome=89.0.4389.82)
  (Driver info: chromedriver=2.36.540470 (e522d04694c7ebea4ba8821272dbef4f9b818c91),platform=Windows NT 6.1.7601 SP1 x86_64) (WARNING: The server did not provide any stacktrace information)
Command duration or timeout: 0 milliseconds
Build info: version: &amp;apos;3.11.0&amp;apos;, revision: &amp;apos;e59cfb3&amp;apos;, time: &amp;apos;2018-03-11T20:26:55.152Z&amp;apos;
System info: host: &amp;apos;DINA-PC&amp;apos;, ip: &amp;apos;192.168.1.4&amp;apos;, os.name: &amp;apos;Windows 7&amp;apos;, os.arch: &amp;apos;amd64&amp;apos;, os.version: &amp;apos;6.1&amp;apos;, java.version: &amp;apos;1.8.0_151&amp;apos;
Driver info: org.openqa.selenium.chrome.ChromeDriver
Capabilities {acceptInsecureCerts: false, acceptSslCerts: false, applicationCacheEnabled: false, browserConnectionEnabled: false, browserName: chrome, chrome: {chromedriverVersion: 2.36.540470 (e522d04694c7eb..., userDataDir: C:\Users\Dina\AppData\Local...}, cssSelectorsEnabled: true, databaseEnabled: false, handlesAlerts: true, hasTouchScreen: false, javascriptEnabled: true, locationContextEnabled: true, mobileEmulationEnabled: false, nativeEvents: true, networkConnectionEnabled: false, pageLoadStrategy: normal, platform: XP, platformName: XP, rotatable: false, setWindowRect: true, takesHeapSnapshot: true, takesScreenshot: true, unexpectedAlertBehaviour: , unhandledPromptBehavior: , version: 89.0.4389.82, webStorageEnabled: true}
Session ID: 559da47f34609a6c6c2efa069f68aff3">
      <![CDATA[org.openqa.selenium.WebDriverException: unknown error: Element <div role="button" data-focusable="true" tabindex="0" class="css-18t94o4 css-1dbjc4n r-urgr8i r-42olwf r-sdzlij r-1phboty r-rs99b7 r-1w2pmg r-19u6a5r r-ero68b r-1gg2371 r-1ny4l3l r-1fneopy r-o7ynqc r-6416eg r-lrvibr" data-testid="tweetButtonInline">...</div> is not clickable at point (860, 593). Other element would receive the click: <div class="css-1dbjc4n r-1jgb5lz r-1ye8kvj r-13qz1uu">...</div>
  (Session info: chrome=89.0.4389.82)
  (Driver info: chromedriver=2.36.540470 (e522d04694c7ebea4ba8821272dbef4f9b818c91),platform=Windows NT 6.1.7601 SP1 x86_64) (WARNING: The server did not provide any stacktrace information)
Command duration or timeout: 0 milliseconds
Build info: version: '3.11.0', revision: 'e59cfb3', time: '2018-03-11T20:26:55.152Z'
System info: host: 'DINA-PC', ip: '192.168.1.4', os.name: 'Windows 7', os.arch: 'amd64', os.version: '6.1', java.version: '1.8.0_151'
Driver info: org.openqa.selenium.chrome.ChromeDriver
Capabilities {acceptInsecureCerts: false, acceptSslCerts: false, applicationCacheEnabled: false, browserConnectionEnabled: false, browserName: chrome, chrome: {chromedriverVersion: 2.36.540470 (e522d04694c7eb..., userDataDir: C:\Users\Dina\AppData\Local...}, cssSelectorsEnabled: true, databaseEnabled: false, handlesAlerts: true, hasTouchScreen: false, javascriptEnabled: true, locationContextEnabled: true, mobileEmulationEnabled: false, nativeEvents: true, networkConnectionEnabled: false, pageLoadStrategy: normal, platform: XP, platformName: XP, rotatable: false, setWindowRect: true, takesHeapSnapshot: true, takesScreenshot: true, unexpectedAlertBehaviour: , unhandledPromptBehavior: , version: 89.0.4389.82, webStorageEnabled: true}
Session ID: 559da47f34609a6c6c2efa069f68aff3
at org.openqa.selenium.remote.ErrorHandler.createThrowable(ErrorHandler.java:214)
at org.openqa.selenium.remote.ErrorHandler.throwIfResponseFailed(ErrorHandler.java:166)
at org.openqa.selenium.remote.http.JsonHttpResponseCodec.reconstructValue(JsonHttpResponseCodec.java:40)
at org.openqa.selenium.remote.http.AbstractHttpResponseCodec.decode(AbstractHttpResponseCodec.java:80)
at org.openqa.selenium.remote.http.AbstractHttpResponseCodec.decode(AbstractHttpResponseCodec.java:44)
at org.openqa.selenium.remote.HttpCommandExecutor.execute(HttpCommandExecutor.java:158)
at org.openqa.selenium.remote.service.DriverCommandExecutor.execute(DriverCommandExecutor.java:83)
at org.openqa.selenium.remote.RemoteWebDriver.execute(RemoteWebDriver.java:545)
at org.openqa.selenium.remote.RemoteWebElement.execute(RemoteWebElement.java:279)
at org.openqa.selenium.remote.RemoteWebElement.click(RemoteWebElement.java:83)
at Pages.Tweet.clickTweetBtn(Tweet.java:42)
at Tests.TestTweets.TweetWithGIF(TestTweets.java:125)
... Removed 29 stack frames]]>
    </failure>
  </testcase> <!-- TweetWithGIF -->
  <testcase name="TweetWithValidLengthAndGIF" time="0.059" classname="Tests.TestTweets">
    <failure type="org.openqa.selenium.WebDriverException" message="unknown error: Element &amp;lt;div aria-activedescendant=&amp;quot;typeaheadFocus-0.038680003996397705&amp;quot; aria-autocomplete=&amp;quot;list&amp;quot; aria-controls=&amp;quot;typeaheadDropdownWrapped-0&amp;quot; aria-describedby=&amp;quot;placeholder-8dvu8&amp;quot; aria-label=&amp;quot;Tweet text&amp;quot; aria-multiline=&amp;quot;true&amp;quot; class=&amp;quot;notranslate public-DraftEditor-content&amp;quot; contenteditable=&amp;quot;true&amp;quot; data-testid=&amp;quot;tweetTextarea_0&amp;quot; role=&amp;quot;textbox&amp;quot; spellcheck=&amp;quot;true&amp;quot; tabindex=&amp;quot;0&amp;quot; no-focuscontainer-refocus=&amp;quot;true&amp;quot; style=&amp;quot;outline: none; user-select: text; white-space: pre-wrap; overflow-wrap: break-word;&amp;quot;&amp;gt;...&amp;lt;/div&amp;gt; is not clickable at point (647, 36). Other element would receive the click: &amp;lt;div class=&amp;quot;css-1dbjc4n r-1habvwh&amp;quot;&amp;gt;...&amp;lt;/div&amp;gt;
  (Session info: chrome=89.0.4389.82)
  (Driver info: chromedriver=2.36.540470 (e522d04694c7ebea4ba8821272dbef4f9b818c91),platform=Windows NT 6.1.7601 SP1 x86_64) (WARNING: The server did not provide any stacktrace information)
Command duration or timeout: 0 milliseconds
Build info: version: &amp;apos;3.11.0&amp;apos;, revision: &amp;apos;e59cfb3&amp;apos;, time: &amp;apos;2018-03-11T20:26:55.152Z&amp;apos;
System info: host: &amp;apos;DINA-PC&amp;apos;, ip: &amp;apos;192.168.1.4&amp;apos;, os.name: &amp;apos;Windows 7&amp;apos;, os.arch: &amp;apos;amd64&amp;apos;, os.version: &amp;apos;6.1&amp;apos;, java.version: &amp;apos;1.8.0_151&amp;apos;
Driver info: org.openqa.selenium.chrome.ChromeDriver
Capabilities {acceptInsecureCerts: false, acceptSslCerts: false, applicationCacheEnabled: false, browserConnectionEnabled: false, browserName: chrome, chrome: {chromedriverVersion: 2.36.540470 (e522d04694c7eb..., userDataDir: C:\Users\Dina\AppData\Local...}, cssSelectorsEnabled: true, databaseEnabled: false, handlesAlerts: true, hasTouchScreen: false, javascriptEnabled: true, locationContextEnabled: true, mobileEmulationEnabled: false, nativeEvents: true, networkConnectionEnabled: false, pageLoadStrategy: normal, platform: XP, platformName: XP, rotatable: false, setWindowRect: true, takesHeapSnapshot: true, takesScreenshot: true, unexpectedAlertBehaviour: , unhandledPromptBehavior: , version: 89.0.4389.82, webStorageEnabled: true}
Session ID: 559da47f34609a6c6c2efa069f68aff3">
      <![CDATA[org.openqa.selenium.WebDriverException: unknown error: Element <div aria-activedescendant="typeaheadFocus-0.038680003996397705" aria-autocomplete="list" aria-controls="typeaheadDropdownWrapped-0" aria-describedby="placeholder-8dvu8" aria-label="Tweet text" aria-multiline="true" class="notranslate public-DraftEditor-content" contenteditable="true" data-testid="tweetTextarea_0" role="textbox" spellcheck="true" tabindex="0" no-focuscontainer-refocus="true" style="outline: none; user-select: text; white-space: pre-wrap; overflow-wrap: break-word;">...</div> is not clickable at point (647, 36). Other element would receive the click: <div class="css-1dbjc4n r-1habvwh">...</div>
  (Session info: chrome=89.0.4389.82)
  (Driver info: chromedriver=2.36.540470 (e522d04694c7ebea4ba8821272dbef4f9b818c91),platform=Windows NT 6.1.7601 SP1 x86_64) (WARNING: The server did not provide any stacktrace information)
Command duration or timeout: 0 milliseconds
Build info: version: '3.11.0', revision: 'e59cfb3', time: '2018-03-11T20:26:55.152Z'
System info: host: 'DINA-PC', ip: '192.168.1.4', os.name: 'Windows 7', os.arch: 'amd64', os.version: '6.1', java.version: '1.8.0_151'
Driver info: org.openqa.selenium.chrome.ChromeDriver
Capabilities {acceptInsecureCerts: false, acceptSslCerts: false, applicationCacheEnabled: false, browserConnectionEnabled: false, browserName: chrome, chrome: {chromedriverVersion: 2.36.540470 (e522d04694c7eb..., userDataDir: C:\Users\Dina\AppData\Local...}, cssSelectorsEnabled: true, databaseEnabled: false, handlesAlerts: true, hasTouchScreen: false, javascriptEnabled: true, locationContextEnabled: true, mobileEmulationEnabled: false, nativeEvents: true, networkConnectionEnabled: false, pageLoadStrategy: normal, platform: XP, platformName: XP, rotatable: false, setWindowRect: true, takesHeapSnapshot: true, takesScreenshot: true, unexpectedAlertBehaviour: , unhandledPromptBehavior: , version: 89.0.4389.82, webStorageEnabled: true}
Session ID: 559da47f34609a6c6c2efa069f68aff3
at org.openqa.selenium.remote.ErrorHandler.createThrowable(ErrorHandler.java:214)
at org.openqa.selenium.remote.ErrorHandler.throwIfResponseFailed(ErrorHandler.java:166)
at org.openqa.selenium.remote.http.JsonHttpResponseCodec.reconstructValue(JsonHttpResponseCodec.java:40)
at org.openqa.selenium.remote.http.AbstractHttpResponseCodec.decode(AbstractHttpResponseCodec.java:80)
at org.openqa.selenium.remote.http.AbstractHttpResponseCodec.decode(AbstractHttpResponseCodec.java:44)
at org.openqa.selenium.remote.HttpCommandExecutor.execute(HttpCommandExecutor.java:158)
at org.openqa.selenium.remote.service.DriverCommandExecutor.execute(DriverCommandExecutor.java:83)
at org.openqa.selenium.remote.RemoteWebDriver.execute(RemoteWebDriver.java:545)
at org.openqa.selenium.remote.RemoteWebElement.execute(RemoteWebElement.java:279)
at org.openqa.selenium.remote.RemoteWebElement.click(RemoteWebElement.java:83)
at Pages.Tweet.enterText(Tweet.java:33)
at Tests.TestTweets.TweetWithValidLengthAndGIF(TestTweets.java:154)
... Removed 29 stack frames]]>
    </failure>
  </testcase> <!-- TweetWithValidLengthAndGIF -->
  <testcase name="emptyTweet" time="0.036" classname="Tests.TestTweets">
    <failure type="java.lang.AssertionError" message="expected [true] but found [null]">
      <![CDATA[java.lang.AssertionError: expected [true] but found [null]
at Tests.TestTweets.emptyTweet(TestTweets.java:186)
... Removed 31 stack frames]]>
    </failure>
  </testcase> <!-- emptyTweet -->
  <testcase name="TweetWithInvalidLength" time="0.05" classname="Tests.TestTweets">
    <failure type="org.openqa.selenium.WebDriverException" message="unknown error: Element &amp;lt;div aria-activedescendant=&amp;quot;typeaheadFocus-0.038680003996397705&amp;quot; aria-autocomplete=&amp;quot;list&amp;quot; aria-controls=&amp;quot;typeaheadDropdownWrapped-0&amp;quot; aria-describedby=&amp;quot;placeholder-8dvu8&amp;quot; aria-label=&amp;quot;Tweet text&amp;quot; aria-multiline=&amp;quot;true&amp;quot; class=&amp;quot;notranslate public-DraftEditor-content&amp;quot; contenteditable=&amp;quot;true&amp;quot; data-testid=&amp;quot;tweetTextarea_0&amp;quot; role=&amp;quot;textbox&amp;quot; spellcheck=&amp;quot;true&amp;quot; tabindex=&amp;quot;0&amp;quot; no-focuscontainer-refocus=&amp;quot;true&amp;quot; style=&amp;quot;outline: none; user-select: text; white-space: pre-wrap; overflow-wrap: break-word;&amp;quot;&amp;gt;...&amp;lt;/div&amp;gt; is not clickable at point (647, 36). Other element would receive the click: &amp;lt;div class=&amp;quot;css-1dbjc4n r-1habvwh&amp;quot;&amp;gt;...&amp;lt;/div&amp;gt;
  (Session info: chrome=89.0.4389.82)
  (Driver info: chromedriver=2.36.540470 (e522d04694c7ebea4ba8821272dbef4f9b818c91),platform=Windows NT 6.1.7601 SP1 x86_64) (WARNING: The server did not provide any stacktrace information)
Command duration or timeout: 0 milliseconds
Build info: version: &amp;apos;3.11.0&amp;apos;, revision: &amp;apos;e59cfb3&amp;apos;, time: &amp;apos;2018-03-11T20:26:55.152Z&amp;apos;
System info: host: &amp;apos;DINA-PC&amp;apos;, ip: &amp;apos;192.168.1.4&amp;apos;, os.name: &amp;apos;Windows 7&amp;apos;, os.arch: &amp;apos;amd64&amp;apos;, os.version: &amp;apos;6.1&amp;apos;, java.version: &amp;apos;1.8.0_151&amp;apos;
Driver info: org.openqa.selenium.chrome.ChromeDriver
Capabilities {acceptInsecureCerts: false, acceptSslCerts: false, applicationCacheEnabled: false, browserConnectionEnabled: false, browserName: chrome, chrome: {chromedriverVersion: 2.36.540470 (e522d04694c7eb..., userDataDir: C:\Users\Dina\AppData\Local...}, cssSelectorsEnabled: true, databaseEnabled: false, handlesAlerts: true, hasTouchScreen: false, javascriptEnabled: true, locationContextEnabled: true, mobileEmulationEnabled: false, nativeEvents: true, networkConnectionEnabled: false, pageLoadStrategy: normal, platform: XP, platformName: XP, rotatable: false, setWindowRect: true, takesHeapSnapshot: true, takesScreenshot: true, unexpectedAlertBehaviour: , unhandledPromptBehavior: , version: 89.0.4389.82, webStorageEnabled: true}
Session ID: 559da47f34609a6c6c2efa069f68aff3">
      <![CDATA[org.openqa.selenium.WebDriverException: unknown error: Element <div aria-activedescendant="typeaheadFocus-0.038680003996397705" aria-autocomplete="list" aria-controls="typeaheadDropdownWrapped-0" aria-describedby="placeholder-8dvu8" aria-label="Tweet text" aria-multiline="true" class="notranslate public-DraftEditor-content" contenteditable="true" data-testid="tweetTextarea_0" role="textbox" spellcheck="true" tabindex="0" no-focuscontainer-refocus="true" style="outline: none; user-select: text; white-space: pre-wrap; overflow-wrap: break-word;">...</div> is not clickable at point (647, 36). Other element would receive the click: <div class="css-1dbjc4n r-1habvwh">...</div>
  (Session info: chrome=89.0.4389.82)
  (Driver info: chromedriver=2.36.540470 (e522d04694c7ebea4ba8821272dbef4f9b818c91),platform=Windows NT 6.1.7601 SP1 x86_64) (WARNING: The server did not provide any stacktrace information)
Command duration or timeout: 0 milliseconds
Build info: version: '3.11.0', revision: 'e59cfb3', time: '2018-03-11T20:26:55.152Z'
System info: host: 'DINA-PC', ip: '192.168.1.4', os.name: 'Windows 7', os.arch: 'amd64', os.version: '6.1', java.version: '1.8.0_151'
Driver info: org.openqa.selenium.chrome.ChromeDriver
Capabilities {acceptInsecureCerts: false, acceptSslCerts: false, applicationCacheEnabled: false, browserConnectionEnabled: false, browserName: chrome, chrome: {chromedriverVersion: 2.36.540470 (e522d04694c7eb..., userDataDir: C:\Users\Dina\AppData\Local...}, cssSelectorsEnabled: true, databaseEnabled: false, handlesAlerts: true, hasTouchScreen: false, javascriptEnabled: true, locationContextEnabled: true, mobileEmulationEnabled: false, nativeEvents: true, networkConnectionEnabled: false, pageLoadStrategy: normal, platform: XP, platformName: XP, rotatable: false, setWindowRect: true, takesHeapSnapshot: true, takesScreenshot: true, unexpectedAlertBehaviour: , unhandledPromptBehavior: , version: 89.0.4389.82, webStorageEnabled: true}
Session ID: 559da47f34609a6c6c2efa069f68aff3
at org.openqa.selenium.remote.ErrorHandler.createThrowable(ErrorHandler.java:214)
at org.openqa.selenium.remote.ErrorHandler.throwIfResponseFailed(ErrorHandler.java:166)
at org.openqa.selenium.remote.http.JsonHttpResponseCodec.reconstructValue(JsonHttpResponseCodec.java:40)
at org.openqa.selenium.remote.http.AbstractHttpResponseCodec.decode(AbstractHttpResponseCodec.java:80)
at org.openqa.selenium.remote.http.AbstractHttpResponseCodec.decode(AbstractHttpResponseCodec.java:44)
at org.openqa.selenium.remote.HttpCommandExecutor.execute(HttpCommandExecutor.java:158)
at org.openqa.selenium.remote.service.DriverCommandExecutor.execute(DriverCommandExecutor.java:83)
at org.openqa.selenium.remote.RemoteWebDriver.execute(RemoteWebDriver.java:545)
at org.openqa.selenium.remote.RemoteWebElement.execute(RemoteWebElement.java:279)
at org.openqa.selenium.remote.RemoteWebElement.click(RemoteWebElement.java:83)
at Pages.Tweet.enterText(Tweet.java:33)
at Tests.TestTweets.TweetWithInvalidLength(TestTweets.java:211)
... Removed 29 stack frames]]>
    </failure>
  </testcase> <!-- TweetWithInvalidLength -->
  <testcase name="postSameTweetAtRow" time="11.357" classname="Tests.TestTweets"/>
</testsuite> <!-- Test -->
